0 info it worked if it ends with ok
1 verbose cli [ 'F:\\Program Files\\NodeJS\\node.exe',
1 verbose cli   'C:\\Users\\Administrator\\AppData\\Roaming\\npm\\node_modules\\cnpm\\node_modules\\npm\\bin\\npm-cli.js',
1 verbose cli   '--userconfig=C:\\Users\\Administrator\\.cnpmrc',
1 verbose cli   '--disturl=https://npm.taobao.org/mirrors/node',
1 verbose cli   '--registry=https://registry.npm.taobao.org',
1 verbose cli   'start' ]
2 info using npm@3.10.5
3 info using node@v4.4.7
4 verbose run-script [ 'prestart', 'start', 'poststart' ]
5 info lifecycle angular2-quickstart@1.0.0~prestart: angular2-quickstart@1.0.0
6 silly lifecycle angular2-quickstart@1.0.0~prestart: no script for prestart, continuing
7 info lifecycle angular2-quickstart@1.0.0~start: angular2-quickstart@1.0.0
8 verbose lifecycle angular2-quickstart@1.0.0~start: unsafe-perm in lifecycle true
9 verbose lifecycle angular2-quickstart@1.0.0~start: PATH: C:\Users\Administrator\AppData\Roaming\npm\node_modules\cnpm\node_modules\npm\bin\node-gyp-bin;E:\project\angularjs2\quickStart\my-proj\node_modules\.bin;F:\Program Files\NodeJS;D:\Program Files\Java\jdk1.8.0_74\bin;D:\Program Files\Java\jdk1.8.0_74;D:\Program Files\Java\jdk1.8.0_74\lib;F:\oracle\product\10.2.0\db_1\bin;C:\Program Files\Common Files\NetSarang;C:\Windows\system32;C:\Windows;C:\Windows\System32\Wbem;C:\Windows\System32\WindowsPowerShell\v1.0\;E:\Win7系统封装资料\[3]优化及设置\Windows7优化大师 V1.70 绿色版\Windows7Master;C:\Program Files\;ommon Files\Thunder Network\KanKan\Codecs;C:\Program Files\Microsoft SQL Server\100\Tools\Binn\;C:\Program Files\Microsoft SQL Server\100\DTS\Binn\;C:\Program Files\M;F:\matlab\bin;F:\matlab\bin\win32;F:\软件\LAtex\CTEX\UserData\miktex\bin;F;\软件\LAtex\CTEX\MiKTeX\miktex\bin;F;\软件\LAtex\CTEX\CTeX\ctex\bin;F;\软件\LAtex\CTEX\CTeX\cct\bin;F;\软件\LAtex\CTEX\CTeX\ty\bin;F;\软件\LAtex\CTEX\Ghostscript\gs9.05\bin;F;\软件\LAtex\CTEX\GSview\gsview;F;\软件\LAtex\CTEX\WinEdt;C;\Users\Administrator\AppData\Local\Genuitec\Common\binary\com.sun.java.jdk.win32.x86_1.6.0.013\bin;C:\Program Files\MySQL\MySQL Serve;C:\Program Files\Java\jre1.8.0_74\bin;F:\Program Files\git\Git\cmd;F:\Program Files\NodeJS\;F:\Program Files\scala\bin;C:\Users\Administrator\AppData\Local\Genuitec\Common\binary\com.sun.java.jdk.win32.x86_1.6.0.013\bin;F:\jdk1.7\bin;F:\jdk1.7\jre\bin;C:\Program Files\MySQL\MySQL Server 5.5\bin;D:\Program Files\Maven\apache-maven-3.3.9\bin;C:\Users\Administrator\AppData\Roaming\npm;F:\Program Files\scala\bin
10 verbose lifecycle angular2-quickstart@1.0.0~start: CWD: E:\project\angularjs2\quickStart\my-proj
11 silly lifecycle angular2-quickstart@1.0.0~start: Args: [ '/d /s /c',
11 silly lifecycle   'tsc && concurrently "npm run tsc:w" "npm run lite" ' ]
12 silly lifecycle angular2-quickstart@1.0.0~start: Returned: code: 2  signal: null
13 info lifecycle angular2-quickstart@1.0.0~start: Failed to exec start script
14 verbose stack Error: angular2-quickstart@1.0.0 start: `tsc && concurrently "npm run tsc:w" "npm run lite" `
14 verbose stack Exit status 2
14 verbose stack     at EventEmitter.<anonymous> (C:\Users\Administrator\AppData\Roaming\npm\node_modules\cnpm\node_modules\npm\lib\utils\lifecycle.js:242:16)
14 verbose stack     at emitTwo (events.js:87:13)
14 verbose stack     at EventEmitter.emit (events.js:172:7)
14 verbose stack     at ChildProcess.<anonymous> (C:\Users\Administrator\AppData\Roaming\npm\node_modules\cnpm\node_modules\npm\lib\utils\spawn.js:40:14)
14 verbose stack     at emitTwo (events.js:87:13)
14 verbose stack     at ChildProcess.emit (events.js:172:7)
14 verbose stack     at maybeClose (internal/child_process.js:827:16)
14 verbose stack     at Process.ChildProcess._handle.onexit (internal/child_process.js:211:5)
15 verbose pkgid angular2-quickstart@1.0.0
16 verbose cwd E:\project\angularjs2\quickStart\my-proj
17 error Windows_NT 6.1.7601
18 error argv "F:\\Program Files\\NodeJS\\node.exe" "C:\\Users\\Administrator\\AppData\\Roaming\\npm\\node_modules\\cnpm\\node_modules\\npm\\bin\\npm-cli.js" "--userconfig=C:\\Users\\Administrator\\.cnpmrc" "--disturl=https://npm.taobao.org/mirrors/node" "--registry=https://registry.npm.taobao.org" "start"
19 error node v4.4.7
20 error npm  v3.10.5
21 error code ELIFECYCLE
22 error angular2-quickstart@1.0.0 start: `tsc && concurrently "npm run tsc:w" "npm run lite" `
22 error Exit status 2
23 error Failed at the angular2-quickstart@1.0.0 start script 'tsc && concurrently "npm run tsc:w" "npm run lite" '.
23 error Make sure you have the latest version of node.js and npm installed.
23 error If you do, this is most likely a problem with the angular2-quickstart package,
23 error not with npm itself.
23 error Tell the author that this fails on your system:
23 error     tsc && concurrently "npm run tsc:w" "npm run lite"
23 error You can get information on how to open an issue for this project with:
23 error     npm bugs angular2-quickstart
23 error Or if that isn't available, you can get their info via:
23 error     npm owner ls angular2-quickstart
23 error There is likely additional logging output above.
24 verbose exit [ 1, true ]
